[2012-07-04 01:34:54] request.ERROR: Symfony\Component\HttpKernel\Exception\NotFoundHttpException: No route found for "GET /boom/js/script.js" (uncaught exception) at /Users/daniel/Sites/sevenboom/symfony/vendor/symfony/symfony/src/Symfony/Component/HttpKernel/EventListener/RouterListener.php line 79 [] []
[2012-07-04 01:34:54] request.ERROR: Symfony\Component\HttpKernel\Exception\NotFoundHttpException: No route found for "GET /boom/js/plugins.js" (uncaught exception) at /Users/daniel/Sites/sevenboom/symfony/vendor/symfony/symfony/src/Symfony/Component/HttpKernel/EventListener/RouterListener.php line 79 [] []
[2012-07-04 01:34:54] request.ERROR: Symfony\Component\HttpKernel\Exception\NotFoundHttpException: No route found for "GET /boom/js/libs/modernizr-2.5.3.min.js" (uncaught exception) at /Users/daniel/Sites/sevenboom/symfony/vendor/symfony/symfony/src/Symfony/Component/HttpKernel/EventListener/RouterListener.php line 79 [] []
[2012-07-04 01:34:55] request.ERROR: Exception thrown when handling an exception (RuntimeException: Unable to create the cache directory (/Users/daniel/Sites/sevenboom/symfony/app/cache/prod/twig/e3/94).) [] []
[2012-07-04 01:34:58] request.ERROR: Symfony\Component\HttpKernel\Exception\NotFoundHttpException: No route found for "GET /boom/js/plugins.js" (uncaught exception) at /Users/daniel/Sites/sevenboom/symfony/vendor/symfony/symfony/src/Symfony/Component/HttpKernel/EventListener/RouterListener.php line 79 [] []
[2012-07-04 01:34:59] request.ERROR: Symfony\Component\HttpKernel\Exception\NotFoundHttpException: No route found for "GET /boom/js/script.js" (uncaught exception) at /Users/daniel/Sites/sevenboom/symfony/app/cache/prod/classes.php line 5599 [] []
[2012-07-04 01:56:47] request.ERROR: Symfony\Component\HttpKernel\Exception\NotFoundHttpException: No route found for "GET /boom/js/libs/modernizr-2.5.3.min.js" (uncaught exception) at /Users/daniel/Sites/sevenboom/symfony/app/cache/prod/classes.php line 5599 [] []
[2012-07-04 01:56:47] request.ERROR: Symfony\Component\HttpKernel\Exception\NotFoundHttpException: No route found for "GET /boom/css/style.css" (uncaught exception) at /Users/daniel/Sites/sevenboom/symfony/app/cache/prod/classes.php line 5599 [] []
[2012-07-04 01:56:47] request.ERROR: Symfony\Component\HttpKernel\Exception\NotFoundHttpException: No route found for "GET /boom/js/plugins.js" (uncaught exception) at /Users/daniel/Sites/sevenboom/symfony/app/cache/prod/classes.php line 5599 [] []
[2012-07-04 01:56:47] request.ERROR: Symfony\Component\HttpKernel\Exception\NotFoundHttpException: No route found for "GET /boom/js/script.js" (uncaught exception) at /Users/daniel/Sites/sevenboom/symfony/app/cache/prod/classes.php line 5599 [] []
[2012-07-04 01:56:47] request.ERROR: Symfony\Component\HttpKernel\Exception\NotFoundHttpException: No route found for "GET /boom/js/plugins.js" (uncaught exception) at /Users/daniel/Sites/sevenboom/symfony/app/cache/prod/classes.php line 5599 [] []
[2012-07-04 01:56:47] request.ERROR: Symfony\Component\HttpKernel\Exception\NotFoundHttpException: No route found for "GET /boom/js/script.js" (uncaught exception) at /Users/daniel/Sites/sevenboom/symfony/app/cache/prod/classes.php line 5599 [] []
[2012-07-04 01:58:44] request.ERROR: Symfony\Component\HttpKernel\Exception\NotFoundHttpException: No route found for "GET /boom/js/plugins.js" (uncaught exception) at /Users/daniel/Sites/sevenboom/symfony/app/cache/prod/classes.php line 5599 [] []
[2012-07-04 01:58:44] request.ERROR: Symfony\Component\HttpKernel\Exception\NotFoundHttpException: No route found for "GET /boom/css/style.css" (uncaught exception) at /Users/daniel/Sites/sevenboom/symfony/app/cache/prod/classes.php line 5599 [] []
[2012-07-04 01:58:44] request.ERROR: Symfony\Component\HttpKernel\Exception\NotFoundHttpException: No route found for "GET /boom/js/script.js" (uncaught exception) at /Users/daniel/Sites/sevenboom/symfony/app/cache/prod/classes.php line 5599 [] []
[2012-07-04 01:58:44] request.ERROR: Symfony\Component\HttpKernel\Exception\NotFoundHttpException: No route found for "GET /boom/js/libs/modernizr-2.5.3.min.js" (uncaught exception) at /Users/daniel/Sites/sevenboom/symfony/app/cache/prod/classes.php line 5599 [] []
[2012-07-04 01:58:44] request.ERROR: Symfony\Component\HttpKernel\Exception\NotFoundHttpException: No route found for "GET /boom/js/plugins.js" (uncaught exception) at /Users/daniel/Sites/sevenboom/symfony/app/cache/prod/classes.php line 5599 [] []
[2012-07-04 01:58:45] request.ERROR: Symfony\Component\HttpKernel\Exception\NotFoundHttpException: No route found for "GET /boom/js/script.js" (uncaught exception) at /Users/daniel/Sites/sevenboom/symfony/app/cache/prod/classes.php line 5599 [] []
[2012-07-04 02:20:05] request.ERROR: Symfony\Component\HttpKernel\Exception\NotFoundHttpException: No route found for "GET /boom/js/script.js" (uncaught exception) at /Users/daniel/Sites/sevenboom/symfony/app/cache/prod/classes.php line 5599 [] []
[2012-07-04 02:20:05] request.ERROR: Symfony\Component\HttpKernel\Exception\NotFoundHttpException: No route found for "GET /boom/js/plugins.js" (uncaught exception) at /Users/daniel/Sites/sevenboom/symfony/app/cache/prod/classes.php line 5599 [] []
[2012-07-04 02:20:05] request.ERROR: Symfony\Component\HttpKernel\Exception\NotFoundHttpException: No route found for "GET /boom/js/libs/modernizr-2.5.3.min.js" (uncaught exception) at /Users/daniel/Sites/sevenboom/symfony/app/cache/prod/classes.php line 5599 [] []
[2012-07-04 02:20:05] request.ERROR: Symfony\Component\HttpKernel\Exception\NotFoundHttpException: No route found for "GET /boom/css/style.css" (uncaught exception) at /Users/daniel/Sites/sevenboom/symfony/app/cache/prod/classes.php line 5599 [] []
[2012-07-04 02:20:05] request.ERROR: Symfony\Component\HttpKernel\Exception\NotFoundHttpException: No route found for "GET /boom/js/plugins.js" (uncaught exception) at /Users/daniel/Sites/sevenboom/symfony/app/cache/prod/classes.php line 5599 [] []
[2012-07-04 02:20:05] request.ERROR: Symfony\Component\HttpKernel\Exception\NotFoundHttpException: No route found for "GET /boom/js/script.js" (uncaught exception) at /Users/daniel/Sites/sevenboom/symfony/app/cache/prod/classes.php line 5599 [] []
[2012-07-04 02:21:01] request.ERROR: Symfony\Component\HttpKernel\Exception\NotFoundHttpException: No route found for "GET /boom/css/style.css" (uncaught exception) at /Users/daniel/Sites/sevenboom/symfony/app/cache/prod/classes.php line 5599 [] []
[2012-07-04 02:21:01] request.ERROR: Symfony\Component\HttpKernel\Exception\NotFoundHttpException: No route found for "GET /boom/js/script.js" (uncaught exception) at /Users/daniel/Sites/sevenboom/symfony/app/cache/prod/classes.php line 5599 [] []
[2012-07-04 02:21:01] request.ERROR: Symfony\Component\HttpKernel\Exception\NotFoundHttpException: No route found for "GET /boom/js/libs/modernizr-2.5.3.min.js" (uncaught exception) at /Users/daniel/Sites/sevenboom/symfony/app/cache/prod/classes.php line 5599 [] []
[2012-07-04 02:21:01] request.ERROR: Symfony\Component\HttpKernel\Exception\NotFoundHttpException: No route found for "GET /boom/js/plugins.js" (uncaught exception) at /Users/daniel/Sites/sevenboom/symfony/app/cache/prod/classes.php line 5599 [] []
[2012-07-04 02:21:01] request.ERROR: Symfony\Component\HttpKernel\Exception\NotFoundHttpException: No route found for "GET /boom/js/plugins.js" (uncaught exception) at /Users/daniel/Sites/sevenboom/symfony/app/cache/prod/classes.php line 5599 [] []
[2012-07-04 02:21:01] request.ERROR: Symfony\Component\HttpKernel\Exception\NotFoundHttpException: No route found for "GET /boom/js/script.js" (uncaught exception) at /Users/daniel/Sites/sevenboom/symfony/app/cache/prod/classes.php line 5599 [] []
[2012-07-04 04:10:13] request.ERROR: Symfony\Component\HttpKernel\Exception\NotFoundHttpException: No route found for "GET /boom/css/style.css" (uncaught exception) at /Users/daniel/Sites/sevenboom/symfony/app/cache/prod/classes.php line 5599 [] []
[2012-07-04 04:10:13] request.ERROR: Symfony\Component\HttpKernel\Exception\NotFoundHttpException: No route found for "GET /boom/js/script.js" (uncaught exception) at /Users/daniel/Sites/sevenboom/symfony/app/cache/prod/classes.php line 5599 [] []
[2012-07-04 04:10:13] request.ERROR: Symfony\Component\HttpKernel\Exception\NotFoundHttpException: No route found for "GET /boom/js/plugins.js" (uncaught exception) at /Users/daniel/Sites/sevenboom/symfony/app/cache/prod/classes.php line 5599 [] []
[2012-07-04 04:10:13] request.ERROR: Symfony\Component\HttpKernel\Exception\NotFoundHttpException: No route found for "GET /boom/js/libs/modernizr-2.5.3.min.js" (uncaught exception) at /Users/daniel/Sites/sevenboom/symfony/app/cache/prod/classes.php line 5599 [] []
[2012-07-04 04:10:13] request.ERROR: Symfony\Component\HttpKernel\Exception\NotFoundHttpException: No route found for "GET /boom/js/plugins.js" (uncaught exception) at /Users/daniel/Sites/sevenboom/symfony/app/cache/prod/classes.php line 5599 [] []
[2012-07-04 04:10:13] request.ERROR: Symfony\Component\HttpKernel\Exception\NotFoundHttpException: No route found for "GET /boom/js/script.js" (uncaught exception) at /Users/daniel/Sites/sevenboom/symfony/app/cache/prod/classes.php line 5599 [] []
[2012-07-04 04:12:56] request.ERROR: Symfony\Component\HttpKernel\Exception\NotFoundHttpException: No route found for "GET /boom/js/libs/modernizr-2.5.3.min.js" (uncaught exception) at /Users/daniel/Sites/sevenboom/symfony/app/cache/prod/classes.php line 5599 [] []
[2012-07-04 04:12:56] request.ERROR: Symfony\Component\HttpKernel\Exception\NotFoundHttpException: No route found for "GET /boom/js/plugins.js" (uncaught exception) at /Users/daniel/Sites/sevenboom/symfony/app/cache/prod/classes.php line 5599 [] []
[2012-07-04 04:12:56] request.ERROR: Symfony\Component\HttpKernel\Exception\NotFoundHttpException: No route found for "GET /boom/css/style.css" (uncaught exception) at /Users/daniel/Sites/sevenboom/symfony/app/cache/prod/classes.php line 5599 [] []
[2012-07-04 04:12:56] request.ERROR: Symfony\Component\HttpKernel\Exception\NotFoundHttpException: No route found for "GET /boom/js/script.js" (uncaught exception) at /Users/daniel/Sites/sevenboom/symfony/app/cache/prod/classes.php line 5599 [] []
[2012-07-04 04:12:58] request.ERROR: Symfony\Component\HttpKernel\Exception\NotFoundHttpException: No route found for "GET /boom/js/plugins.js" (uncaught exception) at /Users/daniel/Sites/sevenboom/symfony/app/cache/prod/classes.php line 5599 [] []
[2012-07-04 04:12:58] request.ERROR: Symfony\Component\HttpKernel\Exception\NotFoundHttpException: No route found for "GET /boom/js/script.js" (uncaught exception) at /Users/daniel/Sites/sevenboom/symfony/app/cache/prod/classes.php line 5599 [] []
[2012-07-04 04:17:11] request.ERROR: Symfony\Component\HttpKernel\Exception\NotFoundHttpException: No route found for "GET /boom/js/plugins.js" (uncaught exception) at /Users/daniel/Sites/sevenboom/symfony/app/cache/prod/classes.php line 5599 [] []
[2012-07-04 04:17:11] request.ERROR: Symfony\Component\HttpKernel\Exception\NotFoundHttpException: No route found for "GET /boom/css/style.css" (uncaught exception) at /Users/daniel/Sites/sevenboom/symfony/app/cache/prod/classes.php line 5599 [] []
[2012-07-04 04:17:11] request.ERROR: Symfony\Component\HttpKernel\Exception\NotFoundHttpException: No route found for "GET /boom/js/script.js" (uncaught exception) at /Users/daniel/Sites/sevenboom/symfony/app/cache/prod/classes.php line 5599 [] []
[2012-07-04 04:17:11] request.ERROR: Symfony\Component\HttpKernel\Exception\NotFoundHttpException: No route found for "GET /boom/js/libs/modernizr-2.5.3.min.js" (uncaught exception) at /Users/daniel/Sites/sevenboom/symfony/app/cache/prod/classes.php line 5599 [] []
[2012-07-06 22:55:26] request.ERROR: Symfony\Component\HttpKernel\Exception\NotFoundHttpException: No route found for "GET /" (uncaught exception) at /Users/daniel/Sites/sevenboom/symfony/app/cache/prod/classes.php line 5599 [] []
